Location #0
Cantina
URL: http://maps.google.com/?cid=8570136395760908530
40.66874 -73.990391
221, 12th Street, Park Slope, Brooklyn, Kings County, NYC, New York, 11215, United States of America

Location #1
Xi'an Famous Foods
URL: http://maps.google.com/?cid=12195344609959690387
40.715391 -73.998229
67, Bayard Street, Chinatown, New York County, NYC, New York, 10013, United States of America

Location #2
The Jeffrey Craft Beer & Bites
URL: http://maps.google.com/?cid=1138320882810132372
40.761109 -73.962992
311, East 60th Street, Upper East Side, Manhattan, New York County, NYC, New York, 10065, United States of America

Location #3
McSorley's Old Ale House
URL: http://maps.google.com/?cid=522542294291887979
40.728829 -73.989647
McSorley's Old Ale House, 15, East 7th Street, Loisaida, New York County, NYC, New York, 10003, United States of America

Location #4
Mehanata
URL: http://maps.google.com/?cid=4367039325920543314
40.719485 -73.988917
113, Ludlow Street, Lower East Side, New York County, NYC, New York, 10002, United States of America

Location #5
Brooklyn Brewery
URL: http://maps.google.com/?cid=15512340134091706295
40.721447 -73.957376
Brooklyn Brewery, 79, North 11th Street, Greenpoint, Kings County, NYC, New York, 11249, United States of America

Location #6
Girasol Baker
URL: http://maps.google.com/?cid=15751161907056645636
40.661547 -73.993496
690, 5th Avenue, South Slope, Brooklyn, Kings County, NYC, New York, 11232, United States of America

Location #7
Junoon
URL: http://maps.google.com/?cid=9754927915252878144
40.743112 -73.99089
27, West 24th Street, Chelsea, New York County, NYC, New York, 10010, United States of America

Location #8
The Bar Downstairs
URL: http://maps.google.com/?cid=5105022629053675068
40.752878 -73.981105
Andaz, 5th Avenue, Diamond District, Manhattan, New York County, NYC, New York, 10035, United States of America

Location #9
Ramona
URL: http://maps.google.com/?cid=12671642537274664761
40.730071 -73.957837
63, Greenpoint Avenue, Greenpoint, Kings County, NYC, New York, 11222, United States of America

Location #10
Vivi Bubble Tea
URL: http://maps.google.com/?cid=17012635052197595179
40.715089 -73.997542
49, Bayard Street, Chinatown, New York County, NYC, New York, 10013, United States of America

Location #11
Elsa
URL: http://maps.google.com/?cid=7546459524618393123
40.722472 -73.982218
217, East 3rd Street, Alphabet City, New York County, NYC, New York, 10009, United States of America

Location #12
Fig. 19
URL: http://maps.google.com/?cid=15629986580603237371
40.719464 -73.993372
131, Chrystie Street, Chinatown, New York County, NYC, New York, 10002, United States of America

Location #13
Brandy's Piano Bar
URL: http://maps.google.com/?cid=448901738242470447
40.777038 -73.953526
235, East 84th Street, Yorkville, Manhattan, New York County, NYC, New York, 10028, United States of America

Location #14
Cafe Mogador
URL: http://maps.google.com/?cid=3312381753724633276
40.727417 -73.98437
101, Saint Marks Place, East Village, New York County, NYC, New York, 10009, United States of America

Location #15
Beauty & Essex
URL: http://maps.google.com/?cid=5916795963296968237
40.720468 -73.986922
116, Rivington Street, Lower East Side, New York County, NYC, New York, 10002, United States of America

Location #16
Azuri Cafe
URL: http://maps.google.com/?cid=6325306212406071592
40.765344 -73.99076
461, West 51st Street, Midtown West, Manhattan, New York County, NYC, New York, 10019, United States of America

Location #17
Arcade Bakery
URL: http://maps.google.com/?cid=347888832412522304
40.717038 -74.007068
40, Worth Street, Tribeca, New York County, NYC, New York, 10013, United States of America

Location #18
Mamoun's
URL: http://maps.google.com/?cid=12615714775330750342
40.728936 -73.988822
22, Saint Marks Place, East Village, New York County, NYC, New York, 10003, United States of America

Location #19
Pio Pio
URL: http://maps.google.com/?cid=5985719326128958133
40.760528 -73.994478
464, West 44th Street, Hell's Kitchen, Manhattan, New York County, NYC, New York, 10036, United States of America

Location #20
The Trash Bar
URL: http://maps.google.com/?cid=16651283519301247907
40.713334 -73.958791
256, Grand Street, Williamsburg, Kings County, NYC, New York, 11211, United States of America

Location #21
Terra Tribeca
URL: http://maps.google.com/?cid=4090929049557777561
40.7193 -74.006516
222, West Broadway, Tribeca, New York County, NYC, New York, 10013, United States of America

Location #22
Muchmore's
URL: http://maps.google.com/?cid=15939936373436164186
40.716532 -73.952947
266, North 9th Street, Williamsburg, Kings County, NYC, New York, 11211, United States of America

Location #23
Black Hound Bar & Lounge
URL: http://maps.google.com/?cid=4925551066362877393
40.710336 -74.016478
Gateway Plaza 100, 345, South End Avenue, Battery Park City, New York County, NYC, New York, 10280, United States of America

Location #24
Sake Bar Decibel
URL: http://maps.google.com/?cid=13096873037835255053
40.729283 -73.98779
240, East 9th Street, East Village, New York County, NYC, New York, 10003, United States of America

Location #25
White Bear
URL: http://maps.google.com/?cid=6794221723886564665
40.758756 -73.83163
135-02, Roosevelt Avenue, Flushing, Queens, Linden Hill, Queens County, NYC, New York, 11354, United States of America

Location #26
Prosperity Dumpling
URL: http://maps.google.com/?cid=5436767352808969330
40.715888 -73.992858
46, Eldridge Street, Little Italy, New York County, NYC, New York, 10002, United States of America

Location #27
Jones Wood Foundry
URL: http://maps.google.com/?cid=14559194923229318080
40.770368 -73.953562
401, East 76th Street, Upper East Side, Manhattan, New York County, NYC, New York, 10021, United States of America

Location #28
Pommes Frites
URL: http://maps.google.com/?cid=4006224702607891855
40.728288 -73.988191
123, 2nd Avenue, East Village, New York County, NYC, New York, 10003, United States of America

Location #29
Les Halles
URL: http://maps.google.com/?cid=3348682537247836344
40.710059 -74.008843
15, John Street, Southbridge Towers, New York County, NYC, New York, 10038, United States of America

Location #30
Congee Bowery
URL: http://maps.google.com/?cid=14231095820416521246
40.721232 -73.99346
207, The Bowery, Little Italy, New York County, NYC, New York, 10002, United States of America

Location #31
Amity Hall
URL: http://maps.google.com/?cid=2858292881170141695
40.729691 -73.998865
Amity Hall, 80, West 3rd Street, Washington Square Village, New York County, NYC, New York, 10012, United States of America

Location #32
Flatbush Farm
URL: http://maps.google.com/?cid=12666389092073474210
40.67977 -73.974685
78, Saint Marks Avenue, Prospect Heights, Brooklyn, Rutland Plaza, Kings County, NYC, New York, 11217, United States of America

Location #33
Num Pang
URL: http://maps.google.com/?cid=11656455429680649042
40.734241 -73.993036
100, University Place, Washington Square Village, New York County, NYC, New York, 10003, United States of America

Location #34
Saigon Market
URL: http://maps.google.com/?cid=5447313530328525016
40.733537 -73.992908
95, University Place, Washington Square Village, New York County, NYC, New York, 10003, United States of America

Location #35
The Owl's Head
URL: http://maps.google.com/?cid=8291603823934623945
40.630554 -74.02247
7320, 5th Avenue, Bay Ridge, Kings County, NYC, New York, 11209, United States of America

Location #36
Joe's Ginger
URL: http://maps.google.com/?cid=7917754406364154630
40.714807 -73.998359
25, Pell Street, Chinatown, New York County, NYC, New York, 10013, United States of America

Location #37
Solas
URL: http://maps.google.com/?cid=5785217285752689436
40.729362 -73.988112
232, East 9th Street, East Village, New York County, NYC, New York, 10003, United States of America

Location #38
Cafe Himalaya
URL: http://maps.google.com/?cid=12233172910152475558
40.723165 -73.98798
78, East 1st Street, NoHo, New York County, NYC, New York, 10009, United States of America

Location #39
Kaffe 1668
URL: http://maps.google.com/?cid=15083707000601485283
40.715104 -74.011045
Verizon Wireless, Greenwich Street, Tribeca, New York County, NYC, New York, 10014, United States of America

Location #40
Botanica
URL: http://maps.google.com/?cid=7718015720312085378
40.67723 -74.015395
220, Conover Street, Red Hook, Kings County, NYC, New York, 11231, United States of America

Location #41
Keens Steakhouse
URL: http://maps.google.com/?cid=12150073089411344844
40.750749 -73.986428
72, West 36th Street, Koreatown, Manhattan, New York County, NYC, New York, 10018, United States of America

Location #42
Iron Horse
URL: http://maps.google.com/?cid=12753378054524543076
38.89635 -77.02168
Tangy Sweet, E Street Northwest, Chinatown, Southwest Waterfront, Washington, District of Columbia, 20535, United States of America

Location #43
Jing Fong
URL: http://maps.google.com/?cid=1261503407868264469
40.715972 -73.997171
14A, Elizabeth Street, Little Italy, New York County, NYC, New York, 10013, United States of America

Location #44
Apotheke
URL: http://maps.google.com/?cid=1641809682698606849
40.714341 -73.998174
9, Doyers Street, Chinatown, New York County, NYC, New York, 10013, United States of America

Location #45
Potjanee
URL: http://maps.google.com/?cid=12706017118701759808
40.729858 -74.003434
48, Carmine Street, Greenwich Village, New York County, NYC, New York, 10014, United States of America

Location #46
Lederhosen
URL: http://maps.google.com/?cid=1826106773501494321
40.732883 -74.004475
39, Grove Street, Greenwich Village, New York County, NYC, New York, 10014, United States of America

Location #47
Big Daddy's Gramercy Park
URL: http://maps.google.com/?cid=11195608326177231022
40.737827 -73.987763
239, Park Avenue South, Flatiron, New York County, NYC, New York, 10003, United States of America

Location #48
Bierkraft
URL: http://maps.google.com/?cid=12332442698763236387
40.676773 -73.979994
191, 5th Avenue, Wyckoff Gardens, Brooklyn, Kings County, NYC, New York, 11217, United States of America

Location #49
Sakagura
URL: http://maps.google.com/?cid=7402408139899257870
40.751304 -73.973077
213, East 43rd Street, Tudor City, Manhattan, New York County, NYC, New York, 10017, United States of America

Location #50
Frank
URL: http://maps.google.com/?cid=10222800815736823968
40.726861 -73.9887
88, 2nd Avenue, East Village, New York County, NYC, New York, 10003, United States of America

Location #51
Awadh
URL: http://maps.google.com/?cid=14280671296755143757
40.79559 -73.970741
Hunan Balcony, 2596, Broadway, Park West Village, Manhattan, New York County, NYC, New York, 10025, United States of America

Location #52
Churrascaria Plataforma
URL: http://maps.google.com/?cid=9569409665637842732
40.761997 -73.987647
316, West 49th Street, Clinton, Manhattan, New York County, NYC, New York, 10019, United States of America

Location #53
Proletariat
URL: http://maps.google.com/?cid=16483808010480452318
40.727106 -73.984672
Proletariat, 102, Saint Marks Place, East Village, New York County, NYC, New York, 10009, United States of America

Location #54
Dive Bar
URL: http://maps.google.com/?cid=13652355449646090997
40.793984 -73.970817
Dive Bar, 732, Amsterdam Avenue, Park West Village, Manhattan, New York County, NYC, New York, 10025, United States of America

Location #55
New WonJo
URL: http://maps.google.com/?cid=13728716581517011762
40.74786 -73.986673
23, West 32nd Street, Koreatown, New York County, NYC, New York, 10001, United States of America

Location #56
Celeste
URL: http://maps.google.com/?cid=10919538217454108324
40.786691 -73.976076
Harriet's Kitchen, 502, Amsterdam Avenue, Park West Village, Manhattan, New York County, NYC, New York, 10024, United States of America

Location #57
Kanan Indian Restaurant
URL: http://maps.google.com/?cid=4507880571109389215
40.671833 -73.990972
454, 3rd Avenue, Gowanus, Brooklyn, Kings County, NYC, New York, 11215, United States of America

Location #58
Art Bar
URL: http://maps.google.com/?cid=9745385763831447010
40.738484 -74.003504
52, 8th Avenue, Fulton Houses, New York County, NYC, New York, 10014, United States of America

Location #59
Tamarind Tribeca
URL: http://maps.google.com/?cid=3381060993236406111
40.719107 -74.009026
99, Hudson Street, Tribeca, New York County, NYC, New York, 10013, United States of America

Location #60
Le Souk Harem
URL: http://maps.google.com/?cid=5546178234171937223
40.727945 -73.999303
510, Laguardia Place, Washington Square Village, New York County, NYC, New York, 10012, United States of America

Location #61
The Iron Horse NYC
URL: http://maps.google.com/?cid=17546100012559861056
40.708142 -74.004939
32, Cliff Street, Southbridge Towers, New York County, NYC, New York, 10038, United States of America

Location #62
Rohm Thai
URL: http://maps.google.com/?cid=1270592904945622913
40.73903 -73.98908
27, East 20th Street, Flatiron, New York County, NYC, New York, 10010, United States of America

Location #63
Burp Castle
URL: http://maps.google.com/?cid=17064088389740630568
40.728429 -73.988556
Stuyvesant Polyclinic Hospital, 43, East 7th Street, Loisaida, New York County, NYC, New York, 10003, United States of America

Location #64
Barcade
URL: http://maps.google.com/?cid=9939455509038147519
40.71204 -73.951074
388, Union Avenue, Williamsburg, Kings County, NYC, New York, 11211, United States of America

Location #65
26 Seats Bistro
URL: http://maps.google.com/?cid=12690744550910919020
40.727267 -73.979931
168, Avenue B, Loisaida, New York County, NYC, New York, 10009, United States of America

Location #66
Fette Sau
URL: http://maps.google.com/?cid=11466235009022308295
40.713968 -73.956318
86, Havemeyer Street, Williamsburg, Kings County, NYC, New York, 11211, United States of America

Location #67
Maison Premiere
URL: http://maps.google.com/?cid=14651869085400931126
40.714269 -73.961715
298, Bedford Avenue, Williamsburg, Kings County, NYC, New York, 11249, United States of America

Location #68
Tacos Nuevos Mexico
URL: http://maps.google.com/?cid=16605988050565856297
40.66749 -73.987462
489, 5th Avenue, Park Slope, Brooklyn, Kings County, NYC, New York, 11215, United States of America

Location #69
Pravda
URL: http://maps.google.com/?cid=10272599699540924714
40.723674 -73.996004
55, Prince Street, SoHo, New York County, NYC, New York, 10012, United States of America

Location #70
Top of the Standard
URL: http://maps.google.com/?cid=6300810258325899382
40.740802 -74.007859
The Standard, 848, Washington Street, Fulton Houses, New York County, NYC, New York, 10014, United States of America

Location #71
Ghenet
URL: http://maps.google.com/?cid=8576771584452107122
40.679104 -73.981528
Ghenet, 348, Douglass Street, Wyckoff Gardens, Brooklyn, Kings County, NYC, New York, 11217, United States of America

Location #72
Crosby Street Hotel
URL: http://maps.google.com/?cid=17930335779032194354
40.723033 -73.99741
87, Crosby Street, SoHo, New York County, NYC, New York, 10012, United States of America

Location #73
Xixa
URL: http://maps.google.com/?cid=11098815984701542680
40.710407 -73.958512
241, South 4th Street, Williamsburg, Kings County, NYC, New York, 11211, United States of America

Location #74
Employees Only
URL: http://maps.google.com/?cid=2176793428884481870
40.733433 -74.006149
510, Hudson Street, Greenwich Village, New York County, NYC, New York, 10014, United States of America

Location #75
Larry Lawrence
URL: http://maps.google.com/?cid=7765226173354205287
40.713061 -73.957305
295, Grand Street, Williamsburg, Kings County, NYC, New York, 11211, United States of America

Location #76
Greenwood Park
URL: http://maps.google.com/?cid=16239953929458744658
40.659362 -73.987856
555, 7th Avenue, South Slope, Brooklyn, Kings County, NYC, New York, 11215, United States of America

Location #77
Angel's Share
URL: http://maps.google.com/?cid=9540578668567427623
40.729724 -73.98912
10, Stuyvesant Street, East Village, New York County, NYC, New York, 10003, United States of America

Location #78
Roebling Inn
URL: http://maps.google.com/?cid=8116978604104405979
40.691168 -73.997051
97, Atlantic Avenue, Cobble Hill Historic District, Kings County, NYC, New York, 11201, United States of America

Location #79
Milon
URL: http://maps.google.com/?cid=15090029260764478695
40.726291 -73.986587
93, 1st Avenue, East Village, New York County, NYC, New York, 10003, United States of America

Location #80
The Penrose
URL: http://maps.google.com/?cid=12481403018632187935
40.775443 -73.953121
1590, 2nd Avenue, Upper East Side, Manhattan, New York County, NYC, New York, 10028, United States of America

Location #81
Terakawa Ramen
URL: http://maps.google.com/?cid=12106653429656997964
40.739316 -73.98508
18, Lexington Avenue, Rose Hill, New York County, NYC, New York, 10010, United States of America

Location #82
Bombay Duck Co.
URL: http://maps.google.com/?cid=14697349006741457288
40.729201 -74.001512
192, Bleecker Street, Washington Square Village, New York County, NYC, New York, 10012, United States of America

Location #83
Ping's Seafood
URL: http://maps.google.com/?cid=7081479285377313414
40.7144 -73.998655
Ping's Seafood, 22, Mott Street, Little Italy, New York County, NYC, New York, 10013, United States of America

Location #84
Fogo de Chao Brazilian Steakhouse
URL: http://maps.google.com/?cid=14013968035560845190
40.761086 -73.978068
31 West 52nd Street, 31, West 52nd Street, San Juan Hill, Manhattan, New York County, NYC, New York, 10019, United States of America

Location #85
The Kati Roll Company
URL: http://maps.google.com/?cid=15224262374232114284
40.752815 -73.984576
49, West 39th Street, Koreatown, Manhattan, New York County, NYC, New York, 10018, United States of America

Location #86
Radegast Hall & Biergarten
URL: http://maps.google.com/?cid=17076807105096535561
40.716661 -73.961441
113, North 3rd Street, Williamsburg, Kings County, NYC, New York, 11249, United States of America

Location #87
South Brooklyn Pizza
URL: http://maps.google.com/?cid=18002300630007057333
40.677568 -73.997978
451, Court Street, Cobble Hill, Kings County, NYC, New York, 11231, United States of America

Location #88
Mast Brothers Chocolate
URL: http://maps.google.com/?cid=14202251619060853152
40.716674 -73.961629
113, North 3rd Street, Williamsburg, Kings County, NYC, New York, 11249, United States of America

Location #89
Enoteca Maria
URL: http://maps.google.com/?cid=3677946846448026851
40.642054 -74.077347
Enoteca Maria, 27, Hyatt Street, Saint George, Dongan Hills Colony, Richmond County, NYC, New York, 10301, United States of America

Location #90
Kuma Inn
URL: http://maps.google.com/?cid=1405750023291753170
40.719469 -73.98888
113, Ludlow Street, Lower East Side, New York County, NYC, New York, 10002, United States of America

Location #91
Mamoun's
URL: http://maps.google.com/?cid=13311393129938787980
40.730257 -74.000436
118, West 3rd Street, Washington Square Village, New York County, NYC, New York, 10012, United States of America

Location #92
Rainbow
URL: http://maps.google.com/?cid=3665233753207896045
40.737261 -73.991029
Rainbow Falafel & Shawarma, East 17th Street, Flatiron, New York County, NYC, New York, 10003, United States of America

Location #93
Osteria Morini
URL: http://maps.google.com/?cid=6928192704798730881
40.721962 -73.997721
218, Lafayette Street, SoHo, New York County, NYC, New York, 10012, United States of America

Location #94
Hudson Bar And Books
URL: http://maps.google.com/?cid=17961513772784928377
40.738603 -74.005335
636, Hudson Street, Fulton Houses, New York County, NYC, New York, 10014, United States of America

Location #95
Professor Thom's
URL: http://maps.google.com/?cid=8920445118106360736
40.732048 -73.98548
219, 2nd Avenue, East Village, New York County, NYC, New York, 10003, United States of America

Location #96
The Kati Roll Company
URL: http://maps.google.com/?cid=4383985205451939133
40.757334 -73.968139
229, East 53rd Street, Tudor City, Manhattan, New York County, NYC, New York, 10022, United States of America

Location #97
Joe Coffee
URL: http://maps.google.com/?cid=8831669751512113586
40.735174 -73.993275
10, East 14th Street, Flatiron, New York County, NYC, New York, 10003, United States of America

Location #98
Woorijip Korean Restaurant
URL: http://maps.google.com/?cid=8216168438385693412
40.747405 -73.986505
12, West 32nd Street, Koreatown, New York County, NYC, New York, 10001, United States of America

Location #99
Rhong-Tiam
URL: http://maps.google.com/?cid=14110058761411536693
40.739627 -73.988475
31, East 21st Street, Flatiron, New York County, NYC, New York, 10010, United States of America

Location #100
Argo Tea
URL: http://maps.google.com/?cid=2346504036066767492
40.733093 -73.993153
40, East 11th Street, Washington Square Village, New York County, NYC, New York, 10003, United States of America

Location #101
Der Kommissar
URL: http://maps.google.com/?cid=11112749587823862755
40.66536 -73.989281
559, 5th Avenue, Park Slope, Brooklyn, Kings County, NYC, New York, 11215, United States of America

Location #102
Flatiron Lounge
URL: http://maps.google.com/?cid=15157076205727335555
40.740038 -73.993198
37, West 19th Street, Chelsea, New York County, NYC, New York, 10011, United States of America

Location #103
Traif
URL: http://maps.google.com/?cid=11791252779066330774
40.710555 -73.958938
Traif, 229, South 4th Street, Williamsburg, Kings County, NYC, New York, 11211, United States of America

Location #104
Vol de Nuit
URL: http://maps.google.com/?cid=1414494437081339332
40.731373 -74.000601
148, West 4th Street, Greenwich Village, New York County, NYC, New York, 10012, United States of America

Location #105
Steve's Authentic Key Lime Pies
URL: http://maps.google.com/?cid=5125498463329484593
40.677619 -74.018403
215, Van Dyke Street, Red Hook, Kings County, NYC, New York, 11231, United States of America

Location #106
Birds & Bubbles
URL: http://maps.google.com/?cid=12505583494460425579
40.718244 -73.992654
100, Forsyth Street, Little Italy, New York County, NYC, New York, 10002, United States of America

Location #107
Seoul Garden
URL: http://maps.google.com/?cid=12382835371179733599
40.747692 -73.987285
34, West 32nd Street, Koreatown, New York County, NYC, New York, 10001, United States of America

Location #108
Zenkichi
URL: http://maps.google.com/?cid=5960385315745915579
40.718977 -73.960848
161, Wythe Avenue, Williamsburg, Kings County, NYC, New York, 11249, United States of America

Location #109
Jimmy's Corner
URL: http://maps.google.com/?cid=8661480433789041827
40.756654 -73.984755
136, West 44th Street, Diamond District, Manhattan, New York County, NYC, New York, 10036, United States of America

Location #110
Jack's Wife Freda
URL: http://maps.google.com/?cid=2149127841721263978
40.722146 -73.997562
224, Lafayette Street, SoHo, New York County, NYC, New York, 10012, United States of America

Location #111
Spuyten Duyvil
URL: http://maps.google.com/?cid=8932375420286602647
40.714268 -73.955982
Spuyten Duyvil, 359, Metropolitan Avenue, Williamsburg, Kings County, NYC, New York, 11211, United States of America

Location #112
Beecher's Handmade Cheese - New York
URL: http://maps.google.com/?cid=10987535078901341183
40.738844 -73.989486
Error Encountered: Service timed out
Goelet Building, 900, Broadway, Flatiron, New York County, NYC, New York, 10003, United States of America

Location #113
Coco 66
URL: http://maps.google.com/?cid=18131317799964946278
40.729636 -73.958348
66, Greenpoint Avenue, Greenpoint, Kings County, NYC, New York, 11222, United States of America

Location #114
Otafuku
URL: http://maps.google.com/?cid=9560590602288251218
40.729492 -73.988289
220, East 9th Street, East Village, New York County, NYC, New York, 10003, United States of America

Location #115
The Press Lounge
URL: http://maps.google.com/?cid=8487156161085447108
40.764431 -73.995884
653, 11th Avenue, Clinton, Manhattan, New York County, NYC, New York, 10036, United States of America

Location #116
Schnitzel Haus
URL: http://maps.google.com/?cid=5787342790058411618
40.630453 -74.02196
7317, 5th Avenue, Bay Ridge, Kings County, NYC, New York, 11209, United States of America

